<?xml version="1.0" ?>
<!DOCTYPE coverage
  SYSTEM 'http://cobertura.sourceforge.net/xml/coverage-03.dtd'>
<coverage branch-rate="0.8451" line-rate="0.8742" timestamp="1438035612057" version="3.7.1">
	<!-- Generated by coverage.py: http://nedbatchelder.com/code/coverage -->
	<packages>
		<package branch-rate="0.8451" complexity="0" line-rate="0.8742" name="">
			<classes>
				<class branch-rate="0.8158" complexity="0" filename="dummy_serial.py" line-rate="0.8539" name="dummy_serial">
					<methods/>
					<lines>
						<line hits="1" number="18"/>
						<line hits="1" number="26"/>
						<line hits="1" number="27"/>
						<line hits="1" number="28"/>
						<line hits="1" number="31"/>
						<line hits="1" number="32"/>
						<line hits="1" number="34"/>
						<line hits="1" number="38"/>
						<line hits="1" number="42"/>
						<line hits="1" number="50"/>
						<line hits="1" number="59"/>
						<line hits="1" number="62"/>
						<line hits="1" number="71"/>
						<line hits="1" number="73"/>
						<line hits="1" number="87"/>
						<line hits="1" number="88"/>
						<line hits="1" number="89"/>
						<line hits="1" number="90"/>
						<line hits="1" number="91"/>
						<line hits="1" number="92"/>
						<line hits="1" number="93"/>
						<line hits="0" number="94"/>
						<line hits="0" number="95"/>
						<line hits="1" number="96"/>
						<line hits="1" number="97"/>
						<line hits="0" number="98"/>
						<line hits="0" number="99"/>
						<line branch="true" condition-coverage="50% (1/2)" hits="1" number="101"/>
						<line hits="0" number="102"/>
						<line hits="0" number="103"/>
						<line hits="0" number="104"/>
						<line hits="1" number="118"/>
						<line branch="true" condition-coverage="100% (2/2)" hits="1" number="120"/>
						<line hits="1" number="121"/>
						<line branch="true" condition-coverage="100% (2/2)" hits="1" number="123"/>
						<line hits="1" number="124"/>
						<line hits="1" number="126"/>
						<line hits="1" number="127"/>
						<line hits="1" number="129"/>
						<line branch="true" condition-coverage="100% (2/2)" hits="1" number="131"/>
						<line hits="1" number="132"/>
						<line branch="true" condition-coverage="100% (2/2)" hits="1" number="134"/>
						<line hits="1" number="135"/>
						<line hits="1" number="137"/>
						<line hits="1" number="138"/>
						<line hits="1" number="141"/>
						<line branch="true" condition-coverage="100% (2/2)" hits="1" number="151"/>
						<line hits="1" number="152"/>
						<line branch="true" condition-coverage="50% (1/2)" hits="1" number="154"/>
						<line branch="true" condition-coverage="0% (0/2)" hits="0" number="155"/>
						<line hits="0" number="156"/>
						<line hits="0" number="157"/>
						<line hits="1" number="159"/>
						<line branch="true" condition-coverage="100% (2/2)" hits="1" number="161"/>
						<line hits="1" number="162"/>
						<line hits="1" number="165"/>
						<line hits="1" number="166"/>
						<line hits="1" number="167"/>
						<line hits="1" number="168"/>
						<line hits="1" number="169"/>
						<line hits="1" number="172"/>
						<line branch="true" condition-coverage="100% (2/2)" hits="1" number="187"/>
						<line hits="1" number="188"/>
						<line branch="true" condition-coverage="50% (1/2)" hits="1" number="190"/>
						<line hits="0" number="191"/>
						<line branch="true" condition-coverage="100% (2/2)" hits="1" number="193"/>
						<line hits="1" number="194"/>
						<line branch="true" condition-coverage="100% (2/2)" hits="1" number="198"/>
						<line hits="1" number="199"/>
						<line branch="true" condition-coverage="100% (2/2)" hits="1" number="200"/>
						<line hits="1" number="201"/>
						<line hits="1" number="202"/>
						<line branch="true" condition-coverage="100% (2/2)" hits="1" number="203"/>
						<line branch="true" condition-coverage="100% (2/2)" hits="1" number="204"/>
						<line hits="1" number="205"/>
						<line hits="1" number="208"/>
						<line hits="1" number="209"/>
						<line branch="true" condition-coverage="50% (1/2)" hits="1" number="211"/>
						<line hits="0" number="212"/>
						<line hits="1" number="215"/>
						<line hits="1" number="216"/>
						<line hits="1" number="217"/>
						<line branch="true" condition-coverage="100% (2/2)" hits="1" number="221"/>
						<line hits="1" number="222"/>
						<line branch="true" condition-coverage="50% (1/2)" hits="1" number="224"/>
						<line hits="0" number="225"/>
						<line hits="1" number="227"/>
						<line hits="1" number="230"/>
						<line hits="1" number="232"/>
					</lines>
				</class>
				<class branch-rate="0.8485" complexity="0" filename="minimalmodbus.py" line-rate="0.8764" name="minimalmodbus">
					<methods/>
					<lines>
						<line hits="1" number="18"/>
						<line hits="1" number="25"/>
						<line hits="1" number="26"/>
						<line hits="1" number="27"/>
						<line hits="1" number="28"/>
						<line hits="1" number="30"/>
						<line hits="1" number="31"/>
						<line hits="1" number="34"/>
						<line hits="1" number="35"/>
						<line hits="1" number="36"/>
						<line hits="1" number="37"/>
						<line hits="1" number="38"/>
						<line branch="true" condition-coverage="50% (1/2)" hits="1" number="40"/>
						<line hits="0" number="41"/>
						<line branch="true" condition-coverage="50% (1/2)" hits="1" number="45"/>
						<line hits="0" number="46"/>
						<line hits="1" number="48"/>
						<line hits="1" number="49"/>
						<line hits="1" number="50"/>
						<line hits="1" number="51"/>
						<line hits="1" number="54"/>
						<line hits="1" number="55"/>
						<line hits="1" number="61"/>
						<line hits="1" number="64"/>
						<line hits="1" number="67"/>
						<line hits="1" number="70"/>
						<line hits="1" number="73"/>
						<line hits="1" number="76"/>
						<line hits="1" number="83"/>
						<line hits="1" number="84"/>
						<line hits="1" number="91"/>
						<line hits="1" number="101"/>
						<line branch="true" condition-coverage="100% (2/2)" hits="1" number="102"/>
						<line hits="1" number="103"/>
						<line hits="1" number="105"/>
						<line branch="true" condition-coverage="100% (2/2)" hits="1" number="106"/>
						<line hits="1" number="107"/>
						<line hits="1" number="125"/>
						<line hits="1" number="128"/>
						<line hits="1" number="134"/>
						<line hits="1" number="137"/>
						<line hits="1" number="140"/>
						<line hits="1" number="147"/>
						<line branch="true" condition-coverage="100% (2/2)" hits="1" number="156"/>
						<line hits="1" number="157"/>
						<line hits="1" number="178"/>
						<line hits="1" number="192"/>
						<line hits="1" number="193"/>
						<line hits="1" number="196"/>
						<line hits="1" number="211"/>
						<line hits="1" number="212"/>
						<line hits="1" number="213"/>
						<line hits="1" number="216"/>
						<line hits="1" number="255"/>
						<line hits="1" number="256"/>
						<line hits="1" number="257"/>
						<line hits="1" number="258"/>
						<line hits="1" number="261"/>
						<line hits="1" number="291"/>
						<line hits="1" number="292"/>
						<line hits="1" number="293"/>
						<line hits="1" number="294"/>
						<line hits="1" number="296"/>
						<line hits="1" number="299"/>
						<line hits="1" number="323"/>
						<line hits="1" number="324"/>
						<line hits="1" number="325"/>
						<line hits="1" number="328"/>
						<line hits="1" number="350"/>
						<line hits="1" number="351"/>
						<line hits="1" number="353"/>
						<line hits="1" number="354"/>
						<line hits="1" number="355"/>
						<line hits="1" number="358"/>
						<line hits="1" number="390"/>
						<line hits="1" number="391"/>
						<line hits="1" number="392"/>
						<line hits="1" number="395"/>
						<line hits="1" number="416"/>
						<line hits="1" number="417"/>
						<line hits="1" number="418"/>
						<line hits="1" number="422"/>
						<line hits="1" number="440"/>
						<line hits="1" number="441"/>
						<line hits="1" number="442"/>
						<line hits="1" number="446"/>
						<line hits="1" number="469"/>
						<line hits="1" number="470"/>
						<line hits="1" number="471"/>
						<line hits="1" number="475"/>
						<line hits="1" number="495"/>
						<line hits="1" number="496"/>
						<line hits="1" number="497"/>
						<line hits="1" number="501"/>
						<line branch="true" condition-coverage="100% (2/2)" hits="1" number="524"/>
						<line hits="1" number="525"/>
						<line hits="1" number="526"/>
						<line hits="1" number="529"/>
						<line hits="1" number="536"/>
						<line hits="1" number="562"/>
						<line hits="1" number="563"/>
						<line hits="1" number="564"/>
						<line hits="1" number="565"/>
						<line hits="1" number="566"/>
						<line hits="1" number="570"/>
						<line hits="1" number="571"/>
						<line hits="1" number="572"/>
						<line hits="1" number="573"/>
						<line hits="1" number="574"/>
						<line hits="1" number="576"/>
						<line hits="1" number="580"/>
						<line hits="1" number="581"/>
						<line hits="1" number="582"/>
						<line hits="1" number="583"/>
						<line hits="1" number="584"/>
						<line branch="true" condition-coverage="100% (2/2)" hits="1" number="586"/>
						<line branch="true" condition-coverage="100% (2/2)" hits="1" number="587"/>
						<line hits="1" number="588"/>
						<line hits="1" number="591"/>
						<line branch="true" condition-coverage="100% (2/2)" hits="1" number="594"/>
						<line hits="1" number="595"/>
						<line branch="true" condition-coverage="100% (2/2)" hits="1" number="597"/>
						<line branch="true" condition-coverage="50% (1/2)" hits="1" number="598"/>
						<line hits="0" number="599"/>
						<line branch="true" condition-coverage="100% (2/2)" hits="1" number="602"/>
						<line hits="1" number="603"/>
						<line branch="true" condition-coverage="100% (2/2)" hits="1" number="607"/>
						<line branch="true" condition-coverage="100% (2/2)" hits="1" number="608"/>
						<line hits="1" number="609"/>
						<line branch="true" condition-coverage="100% (2/2)" hits="1" number="612"/>
						<line hits="1" number="613"/>
						<line branch="true" condition-coverage="100% (2/2)" hits="1" number="617"/>
						<line hits="1" number="618"/>
						<line branch="true" condition-coverage="100% (2/2)" hits="1" number="621"/>
						<line hits="1" number="622"/>
						<line branch="true" condition-coverage="100% (2/2)" hits="1" number="627"/>
						<line hits="1" number="628"/>
						<line branch="true" condition-coverage="100% (2/2)" hits="1" number="631"/>
						<line hits="1" number="632"/>
						<line branch="true" condition-coverage="100% (2/2)" hits="1" number="634"/>
						<line hits="1" number="635"/>
						<line branch="true" condition-coverage="100% (2/2)" hits="1" number="638"/>
						<line hits="1" number="639"/>
						<line branch="true" condition-coverage="100% (2/2)" hits="1" number="643"/>
						<line branch="true" condition-coverage="100% (2/2)" hits="1" number="644"/>
						<line hits="1" number="645"/>
						<line branch="true" condition-coverage="100% (2/2)" hits="1" number="647"/>
						<line hits="1" number="648"/>
						<line branch="true" condition-coverage="100% (2/2)" hits="1" number="652"/>
						<line hits="1" number="653"/>
						<line branch="true" condition-coverage="100% (2/2)" hits="1" number="656"/>
						<line hits="1" number="657"/>
						<line branch="true" condition-coverage="100% (2/2)" hits="1" number="660"/>
						<line hits="1" number="661"/>
						<line branch="true" condition-coverage="100% (2/2)" hits="1" number="664"/>
						<line hits="1" number="665"/>
						<line branch="true" condition-coverage="100% (2/2)" hits="1" number="668"/>
						<line hits="1" number="669"/>
						<line branch="true" condition-coverage="50% (1/2)" hits="1" number="674"/>
						<line branch="true" condition-coverage="100% (2/2)" hits="1" number="675"/>
						<line hits="1" number="676"/>
						<line branch="true" condition-coverage="100% (2/2)" hits="1" number="678"/>
						<line hits="1" number="679"/>
						<line branch="true" condition-coverage="100% (2/2)" hits="1" number="681"/>
						<line hits="1" number="682"/>
						<line branch="true" condition-coverage="100% (2/2)" hits="1" number="684"/>
						<line hits="1" number="685"/>
						<line branch="true" condition-coverage="50% (1/2)" hits="1" number="687"/>
						<line hits="1" number="688"/>
						<line hits="1" number="690"/>
						<line hits="1" number="691"/>
						<line hits="1" number="697"/>
						<line branch="true" condition-coverage="100% (2/2)" hits="1" number="700"/>
						<line hits="1" number="701"/>
						<line branch="true" condition-coverage="100% (2/2)" hits="1" number="703"/>
						<line hits="1" number="704"/>
						<line branch="true" condition-coverage="100% (2/2)" hits="1" number="706"/>
						<line hits="1" number="707"/>
						<line branch="true" condition-coverage="100% (2/2)" hits="1" number="709"/>
						<line hits="1" number="710"/>
						<line branch="true" condition-coverage="100% (2/2)" hits="1" number="713"/>
						<line hits="1" number="714"/>
						<line branch="true" condition-coverage="100% (2/2)" hits="1" number="716"/>
						<line hits="1" number="717"/>
						<line branch="true" condition-coverage="100% (2/2)" hits="1" number="720"/>
						<line hits="1" number="721"/>
						<line branch="true" condition-coverage="50% (1/2)" hits="1" number="722"/>
						<line hits="0" number="723"/>
						<line hits="1" number="726"/>
						<line branch="true" condition-coverage="100% (2/2)" hits="1" number="728"/>
						<line hits="1" number="729"/>
						<line branch="true" condition-coverage="50% (1/2)" hits="1" number="730"/>
						<line hits="0" number="731"/>
						<line branch="true" condition-coverage="100% (2/2)" hits="1" number="734"/>
						<line hits="1" number="735"/>
						<line branch="true" condition-coverage="100% (2/2)" hits="1" number="737"/>
						<line hits="1" number="738"/>
						<line branch="true" condition-coverage="100% (2/2)" hits="1" number="740"/>
						<line hits="1" number="741"/>
						<line branch="true" condition-coverage="100% (2/2)" hits="1" number="743"/>
						<line hits="1" number="744"/>
						<line branch="true" condition-coverage="50% (1/2)" hits="1" number="746"/>
						<line hits="1" number="747"/>
						<line hits="0" number="749"/>
						<line hits="1" number="757"/>
						<line hits="1" number="775"/>
						<line hits="1" number="777"/>
						<line hits="1" number="778"/>
						<line hits="1" number="781"/>
						<line hits="1" number="784"/>
						<line branch="true" condition-coverage="50% (1/2)" hits="1" number="785"/>
						<line hits="1" number="786"/>
						<line hits="1" number="787"/>
						<line hits="1" number="788"/>
						<line branch="true" condition-coverage="50% (1/2)" hits="1" number="789"/>
						<line hits="0" number="790"/>
						<line hits="0" number="792"/>
						<line hits="1" number="795"/>
						<line hits="1" number="798"/>
						<line hits="1" number="799"/>
						<line hits="1" number="802"/>
						<line hits="1" number="849"/>
						<line hits="1" number="850"/>
						<line branch="true" condition-coverage="100% (2/2)" hits="1" number="852"/>
						<line hits="1" number="853"/>
						<line branch="true" condition-coverage="100% (2/2)" hits="1" number="856"/>
						<line hits="1" number="857"/>
						<line branch="true" condition-coverage="50% (1/2)" hits="1" number="861"/>
						<line hits="0" number="862"/>
						<line hits="1" number="865"/>
						<line hits="1" number="866"/>
						<line branch="true" condition-coverage="100% (2/2)" hits="1" number="868"/>
						<line hits="1" number="869"/>
						<line branch="true" condition-coverage="50% (1/2)" hits="1" number="871"/>
						<line hits="0" number="872"/>
						<line hits="0" number="874"/>
						<line hits="0" number="878"/>
						<line hits="1" number="880"/>
						<line branch="true" condition-coverage="100% (2/2)" hits="1" number="882"/>
						<line hits="1" number="883"/>
						<line hits="1" number="885"/>
						<line hits="1" number="888"/>
						<line hits="1" number="891"/>
						<line hits="1" number="893"/>
						<line branch="true" condition-coverage="100% (2/2)" hits="1" number="896"/>
						<line hits="1" number="897"/>
						<line branch="true" condition-coverage="100% (2/2)" hits="1" number="898"/>
						<line hits="1" number="899"/>
						<line hits="1" number="900"/>
						<line hits="1" number="901"/>
						<line branch="true" condition-coverage="100% (2/2)" hits="1" number="902"/>
						<line hits="1" number="903"/>
						<line hits="1" number="905"/>
						<line hits="1" number="906"/>
						<line hits="1" number="909"/>
						<line hits="1" number="910"/>
						<line branch="true" condition-coverage="100% (2/2)" hits="1" number="912"/>
						<line hits="1" number="913"/>
						<line branch="true" condition-coverage="50% (1/2)" hits="1" number="915"/>
						<line hits="0" number="916"/>
						<line branch="true" condition-coverage="100% (2/2)" hits="1" number="918"/>
						<line hits="1" number="919"/>
						<line hits="1" number="921"/>
						<line hits="1" number="927"/>
						<line branch="true" condition-coverage="100% (2/2)" hits="1" number="929"/>
						<line hits="1" number="930"/>
						<line hits="1" number="932"/>
						<line hits="1" number="939"/>
						<line hits="1" number="962"/>
						<line hits="1" number="963"/>
						<line hits="1" number="964"/>
						<line hits="1" number="965"/>
						<line hits="1" number="967"/>
						<line branch="true" condition-coverage="100% (2/2)" hits="1" number="969"/>
						<line hits="1" number="970"/>
						<line hits="1" number="975"/>
						<line hits="1" number="977"/>
						<line hits="1" number="980"/>
						<line hits="1" number="1002"/>
						<line hits="1" number="1004"/>
						<line hits="1" number="1005"/>
						<line hits="1" number="1007"/>
						<line hits="1" number="1008"/>
						<line hits="1" number="1009"/>
						<line hits="1" number="1010"/>
						<line hits="1" number="1012"/>
						<line hits="1" number="1013"/>
						<line hits="1" number="1016"/>
						<line hits="1" number="1017"/>
						<line hits="1" number="1018"/>
						<line hits="1" number="1019"/>
						<line hits="1" number="1021"/>
						<line branch="true" condition-coverage="100% (2/2)" hits="1" number="1024"/>
						<line branch="true" condition-coverage="100% (2/2)" hits="1" number="1025"/>
						<line hits="1" number="1026"/>
						<line branch="true" condition-coverage="100% (2/2)" hits="1" number="1029"/>
						<line hits="1" number="1030"/>
						<line branch="true" condition-coverage="100% (2/2)" hits="1" number="1035"/>
						<line branch="true" condition-coverage="100% (2/2)" hits="1" number="1036"/>
						<line hits="1" number="1037"/>
						<line branch="true" condition-coverage="100% (2/2)" hits="1" number="1040"/>
						<line hits="1" number="1041"/>
						<line hits="1" number="1046"/>
						<line branch="true" condition-coverage="100% (2/2)" hits="1" number="1048"/>
						<line hits="1" number="1049"/>
						<line hits="1" number="1051"/>
						<line hits="1" number="1054"/>
						<line branch="true" condition-coverage="100% (2/2)" hits="1" number="1057"/>
						<line hits="1" number="1058"/>
						<line hits="1" number="1059"/>
						<line hits="1" number="1061"/>
						<line hits="1" number="1062"/>
						<line hits="1" number="1064"/>
						<line hits="1" number="1065"/>
						<line hits="1" number="1066"/>
						<line branch="true" condition-coverage="100% (2/2)" hits="1" number="1068"/>
						<line hits="1" number="1069"/>
						<line hits="1" number="1070"/>
						<line hits="1" number="1075"/>
						<line hits="1" number="1078"/>
						<line branch="true" condition-coverage="100% (2/2)" hits="1" number="1080"/>
						<line hits="1" number="1081"/>
						<line hits="1" number="1085"/>
						<line branch="true" condition-coverage="100% (2/2)" hits="1" number="1087"/>
						<line hits="1" number="1088"/>
						<line branch="true" condition-coverage="100% (2/2)" hits="1" number="1090"/>
						<line hits="1" number="1091"/>
						<line hits="1" number="1095"/>
						<line branch="true" condition-coverage="100% (2/2)" hits="1" number="1097"/>
						<line hits="1" number="1098"/>
						<line hits="1" number="1100"/>
						<line hits="1" number="1102"/>
						<line hits="1" number="1103"/>
						<line hits="1" number="1110"/>
						<line hits="1" number="1125"/>
						<line hits="1" number="1126"/>
						<line hits="1" number="1128"/>
						<line hits="1" number="1129"/>
						<line hits="1" number="1131"/>
						<line hits="1" number="1133"/>
						<line hits="1" number="1134"/>
						<line hits="1" number="1135"/>
						<line hits="1" number="1136"/>
						<line hits="1" number="1139"/>
						<line hits="1" number="1140"/>
						<line hits="1" number="1141"/>
						<line branch="true" condition-coverage="100% (2/2)" hits="1" number="1144"/>
						<line hits="1" number="1145"/>
						<line branch="true" condition-coverage="100% (2/2)" hits="1" number="1147"/>
						<line hits="1" number="1148"/>
						<line branch="true" condition-coverage="100% (2/2)" hits="1" number="1149"/>
						<line hits="1" number="1151"/>
						<line hits="1" number="1152"/>
						<line branch="true" condition-coverage="50% (1/2)" hits="1" number="1155"/>
						<line hits="1" number="1156"/>
						<line hits="1" number="1157"/>
						<line hits="1" number="1161"/>
						<line branch="true" condition-coverage="100% (2/2)" hits="1" number="1165"/>
						<line hits="1" number="1166"/>
						<line hits="1" number="1170"/>
						<line hits="1" number="1175"/>
						<line hits="1" number="1188"/>
						<line hits="1" number="1190"/>
						<line hits="1" number="1191"/>
						<line hits="1" number="1193"/>
						<line hits="1" number="1194"/>
						<line hits="1" number="1201"/>
						<line hits="1" number="1214"/>
						<line hits="1" number="1216"/>
						<line hits="1" number="1219"/>
						<line hits="1" number="1258"/>
						<line hits="1" number="1259"/>
						<line hits="1" number="1260"/>
						<line hits="1" number="1261"/>
						<line hits="1" number="1263"/>
						<line hits="1" number="1264"/>
						<line branch="true" condition-coverage="100% (2/2)" hits="1" number="1266"/>
						<line hits="1" number="1267"/>
						<line hits="1" number="1269"/>
						<line branch="true" condition-coverage="100% (2/2)" hits="1" number="1270"/>
						<line hits="1" number="1271"/>
						<line hits="1" number="1273"/>
						<line hits="1" number="1275"/>
						<line hits="1" number="1276"/>
						<line hits="1" number="1277"/>
						<line hits="1" number="1280"/>
						<line hits="1" number="1308"/>
						<line hits="1" number="1309"/>
						<line hits="1" number="1310"/>
						<line hits="1" number="1312"/>
						<line branch="true" condition-coverage="100% (2/2)" hits="1" number="1313"/>
						<line hits="1" number="1314"/>
						<line hits="1" number="1316"/>
						<line hits="1" number="1318"/>
						<line branch="true" condition-coverage="100% (2/2)" hits="1" number="1320"/>
						<line hits="1" number="1321"/>
						<line hits="1" number="1322"/>
						<line hits="1" number="1323"/>
						<line hits="1" number="1326"/>
						<line hits="1" number="1343"/>
						<line hits="1" number="1344"/>
						<line hits="1" number="1345"/>
						<line hits="1" number="1347"/>
						<line branch="true" condition-coverage="100% (2/2)" hits="1" number="1348"/>
						<line hits="1" number="1349"/>
						<line hits="1" number="1351"/>
						<line hits="1" number="1353"/>
						<line hits="1" number="1354"/>
						<line hits="1" number="1355"/>
						<line hits="1" number="1358"/>
						<line hits="1" number="1375"/>
						<line hits="1" number="1376"/>
						<line hits="1" number="1377"/>
						<line hits="1" number="1379"/>
						<line branch="true" condition-coverage="100% (2/2)" hits="1" number="1380"/>
						<line hits="1" number="1381"/>
						<line hits="1" number="1383"/>
						<line hits="1" number="1385"/>
						<line hits="1" number="1388"/>
						<line hits="1" number="1415"/>
						<line hits="1" number="1416"/>
						<line hits="1" number="1418"/>
						<line branch="true" condition-coverage="100% (2/2)" hits="1" number="1419"/>
						<line hits="1" number="1420"/>
						<line hits="1" number="1421"/>
						<line branch="true" condition-coverage="100% (2/2)" hits="1" number="1422"/>
						<line hits="1" number="1423"/>
						<line hits="1" number="1424"/>
						<line hits="1" number="1426"/>
						<line hits="1" number="1428"/>
						<line hits="1" number="1429"/>
						<line hits="1" number="1430"/>
						<line hits="1" number="1433"/>
						<line hits="1" number="1452"/>
						<line hits="1" number="1453"/>
						<line hits="1" number="1455"/>
						<line hits="1" number="1457"/>
						<line branch="true" condition-coverage="100% (2/2)" hits="1" number="1458"/>
						<line hits="1" number="1459"/>
						<line branch="true" condition-coverage="100% (2/2)" hits="1" number="1460"/>
						<line hits="1" number="1461"/>
						<line hits="1" number="1463"/>
						<line branch="true" condition-coverage="100% (2/2)" hits="1" number="1465"/>
						<line hits="1" number="1466"/>
						<line hits="1" number="1469"/>
						<line hits="1" number="1472"/>
						<line hits="1" number="1492"/>
						<line hits="1" number="1493"/>
						<line hits="1" number="1494"/>
						<line hits="1" number="1496"/>
						<line hits="1" number="1497"/>
						<line hits="1" number="1498"/>
						<line hits="1" number="1501"/>
						<line hits="1" number="1520"/>
						<line hits="1" number="1521"/>
						<line hits="1" number="1522"/>
						<line hits="1" number="1524"/>
						<line hits="1" number="1525"/>
						<line hits="1" number="1528"/>
						<line hits="1" number="1544"/>
						<line hits="1" number="1545"/>
						<line hits="1" number="1547"/>
						<line branch="true" condition-coverage="100% (2/2)" hits="1" number="1549"/>
						<line hits="1" number="1550"/>
						<line branch="true" condition-coverage="100% (2/2)" hits="1" number="1552"/>
						<line hits="1" number="1553"/>
						<line hits="1" number="1555"/>
						<line hits="1" number="1558"/>
						<line hits="1" number="1560"/>
						<line branch="true" condition-coverage="100% (2/2)" hits="1" number="1561"/>
						<line hits="1" number="1562"/>
						<line hits="1" number="1564"/>
						<line hits="1" number="1565"/>
						<line hits="1" number="1568"/>
						<line hits="1" number="1584"/>
						<line hits="1" number="1585"/>
						<line hits="1" number="1586"/>
						<line hits="1" number="1588"/>
						<line branch="true" condition-coverage="100% (2/2)" hits="1" number="1589"/>
						<line hits="1" number="1590"/>
						<line hits="1" number="1591"/>
						<line hits="1" number="1592"/>
						<line hits="1" number="1594"/>
						<line hits="1" number="1597"/>
						<line hits="1" number="1616"/>
						<line hits="1" number="1618"/>
						<line hits="1" number="1619"/>
						<line hits="1" number="1620"/>
						<line hits="1" number="1621"/>
						<line hits="1" number="1622"/>
						<line hits="1" number="1623"/>
						<line branch="true" condition-coverage="50% (1/2)" hits="1" number="1625"/>
						<line hits="0" number="1626"/>
						<line hits="1" number="1627"/>
						<line hits="1" number="1630"/>
						<line hits="1" number="1649"/>
						<line hits="1" number="1650"/>
						<line branch="true" condition-coverage="50% (1/2)" hits="1" number="1652"/>
						<line hits="0" number="1653"/>
						<line hits="1" number="1655"/>
						<line hits="1" number="1656"/>
						<line hits="1" number="1657"/>
						<line hits="1" number="1658"/>
						<line hits="1" number="1659"/>
						<line hits="1" number="1660"/>
						<line hits="1" number="1662"/>
						<line hits="1" number="1665"/>
						<line hits="1" number="1682"/>
						<line hits="1" number="1684"/>
						<line hits="1" number="1689"/>
						<line branch="true" condition-coverage="100% (2/2)" hits="1" number="1690"/>
						<line hits="1" number="1691"/>
						<line hits="1" number="1692"/>
						<line hits="1" number="1695"/>
						<line hits="1" number="1716"/>
						<line branch="true" condition-coverage="100% (2/2)" hits="1" number="1718"/>
						<line hits="1" number="1719"/>
						<line branch="true" condition-coverage="50% (1/2)" hits="1" number="1721"/>
						<line hits="0" number="1722"/>
						<line hits="0" number="1723"/>
						<line hits="0" number="1724"/>
						<line hits="0" number="1725"/>
						<line hits="0" number="1726"/>
						<line hits="0" number="1727"/>
						<line hits="1" number="1730"/>
						<line hits="1" number="1731"/>
						<line hits="1" number="1732"/>
						<line hits="1" number="1733"/>
						<line hits="1" number="1736"/>
						<line hits="1" number="1744"/>
						<line hits="1" number="1747"/>
						<line hits="1" number="1760"/>
						<line hits="1" number="1762"/>
						<line hits="1" number="1763"/>
						<line branch="true" condition-coverage="100% (2/2)" hits="1" number="1765"/>
						<line hits="1" number="1766"/>
						<line branch="true" condition-coverage="100% (2/2)" hits="1" number="1767"/>
						<line hits="1" number="1768"/>
						<line hits="1" number="1770"/>
						<line hits="1" number="1773"/>
						<line hits="1" number="1789"/>
						<line hits="1" number="1790"/>
						<line branch="true" condition-coverage="100% (2/2)" hits="1" number="1792"/>
						<line branch="true" condition-coverage="100% (2/2)" hits="1" number="1793"/>
						<line hits="1" number="1794"/>
						<line hits="1" number="1796"/>
						<line branch="true" condition-coverage="50% (1/2)" hits="1" number="1798"/>
						<line branch="true" condition-coverage="100% (2/2)" hits="1" number="1799"/>
						<line hits="1" number="1800"/>
						<line hits="1" number="1802"/>
						<line hits="1" number="1809"/>
						<line hits="1" number="1836"/>
						<line hits="1" number="1837"/>
						<line hits="1" number="1838"/>
						<line hits="1" number="1839"/>
						<line branch="true" condition-coverage="100% (2/2)" hits="1" number="1840"/>
						<line hits="1" number="1841"/>
						<line branch="true" condition-coverage="100% (2/2)" hits="1" number="1845"/>
						<line hits="1" number="1846"/>
						<line hits="1" number="1847"/>
						<line hits="1" number="1850"/>
						<line hits="1" number="1874"/>
						<line hits="1" number="1876"/>
						<line hits="1" number="1877"/>
						<line hits="1" number="1878"/>
						<line branch="true" condition-coverage="100% (2/2)" hits="1" number="1879"/>
						<line hits="1" number="1880"/>
						<line hits="1" number="1884"/>
						<line branch="true" condition-coverage="100% (2/2)" hits="1" number="1885"/>
						<line hits="1" number="1886"/>
						<line hits="1" number="1887"/>
						<line hits="1" number="1893"/>
						<line hits="1" number="1907"/>
						<line hits="1" number="1908"/>
						<line hits="1" number="1910"/>
						<line hits="1" number="1916"/>
						<line hits="1" number="1965"/>
						<line hits="1" number="1975"/>
						<line hits="1" number="1978"/>
						<line branch="true" condition-coverage="100% (2/2)" hits="1" number="1980"/>
						<line hits="1" number="1981"/>
						<line hits="1" number="1983"/>
						<line hits="1" number="1986"/>
						<line hits="1" number="2007"/>
						<line hits="1" number="2009"/>
						<line branch="true" condition-coverage="100% (2/2)" hits="1" number="2010"/>
						<line hits="1" number="2011"/>
						<line hits="1" number="2013"/>
						<line hits="1" number="2015"/>
						<line hits="1" number="2016"/>
						<line hits="1" number="2019"/>
						<line branch="true" condition-coverage="100% (2/2)" hits="1" number="2030"/>
						<line hits="1" number="2031"/>
						<line branch="true" condition-coverage="100% (2/2)" hits="1" number="2033"/>
						<line hits="1" number="2034"/>
						<line hits="1" number="2037"/>
						<line hits="1" number="2050"/>
						<line hits="1" number="2051"/>
						<line hits="1" number="2053"/>
						<line branch="true" condition-coverage="100% (2/2)" hits="1" number="2055"/>
						<line hits="1" number="2056"/>
						<line branch="true" condition-coverage="100% (2/2)" hits="1" number="2058"/>
						<line hits="1" number="2059"/>
						<line branch="true" condition-coverage="100% (2/2)" hits="1" number="2061"/>
						<line hits="1" number="2062"/>
						<line branch="true" condition-coverage="100% (2/2)" hits="1" number="2064"/>
						<line hits="1" number="2065"/>
						<line hits="1" number="2068"/>
						<line hits="1" number="2078"/>
						<line hits="1" number="2079"/>
						<line hits="1" number="2081"/>
						<line hits="1" number="2084"/>
						<line hits="1" number="2094"/>
						<line hits="1" number="2095"/>
						<line hits="1" number="2097"/>
						<line hits="1" number="2100"/>
						<line hits="1" number="2112"/>
						<line hits="1" number="2113"/>
						<line hits="1" number="2115"/>
						<line hits="1" number="2117"/>
						<line hits="1" number="2118"/>
						<line branch="true" condition-coverage="100% (2/2)" hits="1" number="2120"/>
						<line hits="1" number="2121"/>
						<line hits="1" number="2123"/>
						<line hits="1" number="2124"/>
						<line hits="1" number="2127"/>
						<line hits="1" number="2140"/>
						<line hits="1" number="2141"/>
						<line hits="1" number="2143"/>
						<line hits="1" number="2145"/>
						<line hits="1" number="2146"/>
						<line branch="true" condition-coverage="100% (2/2)" hits="1" number="2148"/>
						<line hits="1" number="2149"/>
						<line hits="1" number="2153"/>
						<line hits="1" number="2166"/>
						<line hits="1" number="2167"/>
						<line hits="1" number="2169"/>
						<line hits="1" number="2171"/>
						<line hits="1" number="2172"/>
						<line branch="true" condition-coverage="100% (2/2)" hits="1" number="2174"/>
						<line hits="1" number="2175"/>
						<line hits="1" number="2179"/>
						<line hits="1" number="2192"/>
						<line hits="1" number="2193"/>
						<line hits="1" number="2195"/>
						<line hits="1" number="2197"/>
						<line branch="true" condition-coverage="100% (2/2)" hits="1" number="2199"/>
						<line hits="1" number="2200"/>
						<line hits="1" number="2204"/>
						<line branch="true" condition-coverage="100% (2/2)" hits="1" number="2220"/>
						<line hits="1" number="2221"/>
						<line branch="true" condition-coverage="100% (2/2)" hits="1" number="2223"/>
						<line hits="1" number="2224"/>
						<line branch="true" condition-coverage="100% (2/2)" hits="1" number="2226"/>
						<line hits="1" number="2227"/>
						<line hits="1" number="2230"/>
						<line branch="true" condition-coverage="100% (2/2)" hits="1" number="2232"/>
						<line hits="1" number="2233"/>
						<line branch="true" condition-coverage="100% (2/2)" hits="1" number="2236"/>
						<line branch="true" condition-coverage="100% (2/2)" hits="1" number="2237"/>
						<line hits="1" number="2238"/>
						<line branch="true" condition-coverage="100% (2/2)" hits="1" number="2240"/>
						<line hits="1" number="2241"/>
						<line branch="true" condition-coverage="100% (2/2)" hits="1" number="2244"/>
						<line hits="1" number="2245"/>
						<line hits="1" number="2249"/>
						<line branch="true" condition-coverage="100% (2/2)" hits="1" number="2264"/>
						<line hits="1" number="2265"/>
						<line branch="true" condition-coverage="100% (2/2)" hits="1" number="2267"/>
						<line hits="1" number="2268"/>
						<line branch="true" condition-coverage="100% (2/2)" hits="1" number="2270"/>
						<line hits="1" number="2271"/>
						<line branch="true" condition-coverage="100% (2/2)" hits="1" number="2273"/>
						<line hits="1" number="2274"/>
						<line hits="1" number="2276"/>
						<line hits="1" number="2279"/>
						<line branch="true" condition-coverage="100% (2/2)" hits="1" number="2295"/>
						<line hits="1" number="2296"/>
						<line branch="true" condition-coverage="100% (2/2)" hits="1" number="2298"/>
						<line hits="1" number="2299"/>
						<line branch="true" condition-coverage="100% (2/2)" hits="1" number="2301"/>
						<line hits="1" number="2302"/>
						<line branch="true" condition-coverage="100% (2/2)" hits="1" number="2304"/>
						<line hits="1" number="2305"/>
						<line branch="true" condition-coverage="100% (2/2)" hits="1" number="2308"/>
						<line branch="true" condition-coverage="100% (2/2)" hits="1" number="2309"/>
						<line hits="1" number="2310"/>
						<line branch="true" condition-coverage="100% (2/2)" hits="1" number="2314"/>
						<line branch="true" condition-coverage="100% (2/2)" hits="1" number="2315"/>
						<line hits="1" number="2316"/>
						<line branch="true" condition-coverage="100% (2/2)" hits="1" number="2319"/>
						<line branch="true" condition-coverage="100% (2/2)" hits="1" number="2320"/>
						<line hits="1" number="2321"/>
						<line hits="1" number="2325"/>
						<line hits="1" number="2336"/>
						<line branch="true" condition-coverage="100% (2/2)" hits="1" number="2337"/>
						<line hits="1" number="2338"/>
						<line hits="1" number="2345"/>
						<line hits="1" number="2355"/>
						<line hits="1" number="2357"/>
						<line hits="1" number="2360"/>
						<line hits="0" number="2392"/>
						<line hits="0" number="2393"/>
						<line hits="0" number="2394"/>
						<line branch="true" condition-coverage="0% (0/2)" hits="0" number="2397"/>
						<line hits="0" number="2398"/>
						<line hits="0" number="2400"/>
						<line hits="0" number="2401"/>
						<line hits="0" number="2404"/>
						<line branch="true" condition-coverage="0% (0/2)" hits="0" number="2405"/>
						<line hits="0" number="2406"/>
						<line hits="0" number="2407"/>
						<line hits="0" number="2409"/>
						<line hits="0" number="2410"/>
						<line hits="0" number="2411"/>
						<line hits="0" number="2412"/>
						<line hits="0" number="2413"/>
						<line hits="0" number="2416"/>
						<line hits="0" number="2417"/>
						<line hits="0" number="2418"/>
						<line hits="0" number="2419"/>
						<line hits="0" number="2420"/>
						<line hits="0" number="2421"/>
						<line hits="0" number="2422"/>
						<line branch="true" condition-coverage="0% (0/2)" hits="0" number="2425"/>
						<line hits="0" number="2426"/>
						<line hits="0" number="2427"/>
						<line branch="true" condition-coverage="0% (0/2)" hits="0" number="2428"/>
						<line branch="true" condition-coverage="0% (0/2)" hits="0" number="2429"/>
						<line hits="0" number="2430"/>
						<line branch="true" condition-coverage="0% (0/2)" hits="0" number="2431"/>
						<line hits="0" number="2432"/>
						<line branch="true" condition-coverage="0% (0/2)" hits="0" number="2433"/>
						<line hits="0" number="2434"/>
						<line branch="true" condition-coverage="0% (0/2)" hits="0" number="2435"/>
						<line hits="0" number="2436"/>
						<line hits="0" number="2438"/>
						<line hits="0" number="2439"/>
						<line branch="true" condition-coverage="0% (0/2)" hits="0" number="2441"/>
						<line hits="0" number="2442"/>
						<line hits="0" number="2443"/>
						<line hits="0" number="2445"/>
						<line branch="true" condition-coverage="0% (0/2)" hits="0" number="2446"/>
						<line branch="true" condition-coverage="0% (0/2)" hits="0" number="2448"/>
						<line branch="true" condition-coverage="0% (0/2)" hits="0" number="2449"/>
						<line hits="0" number="2450"/>
						<line hits="0" number="2452"/>
						<line hits="0" number="2454"/>
						<line hits="0" number="2455"/>
						<line branch="true" condition-coverage="0% (0/2)" hits="0" number="2458"/>
						<line hits="0" number="2459"/>
						<line branch="true" condition-coverage="0% (0/2)" hits="0" number="2460"/>
						<line hits="0" number="2461"/>
						<line branch="true" condition-coverage="0% (0/2)" hits="0" number="2462"/>
						<line hits="0" number="2463"/>
						<line hits="0" number="2465"/>
						<line hits="0" number="2467"/>
						<line hits="0" number="2468"/>
						<line hits="0" number="2469"/>
						<line hits="0" number="2470"/>
						<line hits="0" number="2471"/>
						<line hits="0" number="2472"/>
						<line hits="0" number="2475"/>
						<line hits="0" number="2476"/>
						<line hits="0" number="2477"/>
						<line hits="0" number="2478"/>
						<line hits="0" number="2479"/>
						<line hits="0" number="2481"/>
						<line hits="1" number="2484"/>
						<line hits="0" number="2501"/>
						<line hits="0" number="2502"/>
						<line hits="0" number="2503"/>
						<line hits="0" number="2504"/>
						<line branch="true" condition-coverage="0% (0/2)" hits="0" number="2506"/>
						<line hits="0" number="2507"/>
						<line hits="0" number="2508"/>
						<line hits="0" number="2511"/>
						<line hits="1" number="2513"/>
						<line hits="1" number="2520"/>
						<line hits="1" number="2521"/>
						<line hits="1" number="2522"/>
						<line hits="1" number="2523"/>
						<line hits="1" number="2524"/>
						<line hits="1" number="2525"/>
						<line hits="1" number="2526"/>
						<line hits="1" number="2527"/>
						<line hits="1" number="2528"/>
						<line hits="1" number="2529"/>
						<line hits="1" number="2530"/>
						<line hits="1" number="2531"/>
						<line hits="1" number="2532"/>
						<line hits="1" number="2533"/>
						<line hits="1" number="2534"/>
						<line hits="1" number="2535"/>
						<line hits="1" number="2536"/>
						<line hits="1" number="2537"/>
						<line hits="1" number="2538"/>
						<line hits="0" number="2539"/>
						<line hits="0" number="2540"/>
						<line hits="1" number="2541"/>
						<line hits="1" number="2542"/>
						<line hits="0" number="2543"/>
						<line hits="0" number="2544"/>
						<line hits="1" number="2545"/>
						<line hits="1" number="2546"/>
						<line hits="1" number="2547"/>
						<line hits="1" number="2548"/>
						<line hits="1" number="2549"/>
						<line hits="1" number="2550"/>
					</lines>
				</class>
			</classes>
		</package>
	</packages>
</coverage>
